
2025/01/06 (13:12:08) | ===> btop++ v.1.4.0
2025/01/06 (13:12:08) | WARNING: NVML: Failed to get maximum GPU power draw, defaulting to 225W: Not Supported
2025/01/06 (13:12:08) | WARNING: NVML: Failed to get GPU power usage: Not Supported
2025/01/06 (13:12:08) | WARNING: Intel GPU: Failed to initialize PMU

2025/01/06 (13:12:17) | ===> btop++ v.1.4.0
2025/01/06 (13:12:17) | WARNING: NVML: Failed to get maximum GPU power draw, defaulting to 225W: Not Supported
2025/01/06 (13:12:17) | WARNING: NVML: Failed to get GPU power usage: Not Supported
2025/01/06 (13:12:17) | WARNING: Intel GPU: Failed to initialize PMU

2025/01/06 (13:12:23) | ===> btop++ v.1.4.0
2025/01/06 (13:12:23) | WARNING: NVML: Failed to get maximum GPU power draw, defaulting to 225W: Not Supported
2025/01/06 (13:12:23) | WARNING: NVML: Failed to get GPU power usage: Not Supported
2025/01/06 (13:12:23) | WARNING: Intel GPU: Failed to initialize PMU

2025/01/06 (14:18:03) | ===> btop++ v.1.4.0
2025/01/06 (14:18:03) | WARNING: NVML: Failed to get maximum GPU power draw, defaulting to 225W: Not Supported
2025/01/06 (14:18:03) | WARNING: NVML: Failed to get GPU power usage: Not Supported
2025/01/06 (14:18:03) | WARNING: Intel GPU: Failed to initialize PMU

2025/01/06 (14:19:33) | ===> btop++ v.1.4.0
2025/01/06 (14:19:33) | WARNING: NVML: Failed to get maximum GPU power draw, defaulting to 225W: Not Supported
2025/01/06 (14:19:33) | WARNING: NVML: Failed to get GPU power usage: Not Supported
2025/01/06 (14:19:33) | WARNING: Intel GPU: Failed to initialize PMU

2025/01/06 (14:20:51) | ===> btop++ v.1.4.0
2025/01/06 (14:20:51) | WARNING: NVML: Failed to get maximum GPU power draw, defaulting to 225W: Not Supported
2025/01/06 (14:20:51) | WARNING: NVML: Failed to get GPU power usage: Not Supported
2025/01/06 (14:20:51) | WARNING: Intel GPU: Failed to initialize PMU

2025/01/06 (14:21:25) | ===> btop++ v.1.4.0
2025/01/06 (14:21:25) | WARNING: NVML: Failed to get maximum GPU power draw, defaulting to 225W: Not Supported
2025/01/06 (14:21:25) | WARNING: NVML: Failed to get GPU power usage: Not Supported
2025/01/06 (14:21:25) | WARNING: Intel GPU: Failed to initialize PMU

2025/01/06 (14:21:36) | ===> btop++ v.1.4.0
2025/01/06 (14:21:36) | WARNING: NVML: Failed to get maximum GPU power draw, defaulting to 225W: Not Supported
2025/01/06 (14:21:36) | WARNING: NVML: Failed to get GPU power usage: Not Supported
2025/01/06 (14:21:36) | WARNING: Intel GPU: Failed to initialize PMU

2025/01/06 (14:21:54) | ===> btop++ v.1.4.0
2025/01/06 (14:21:54) | WARNING: NVML: Failed to get maximum GPU power draw, defaulting to 225W: Not Supported
2025/01/06 (14:21:54) | WARNING: NVML: Failed to get GPU power usage: Not Supported
2025/01/06 (14:21:54) | WARNING: Intel GPU: Failed to initialize PMU

2025/01/06 (14:22:00) | ===> btop++ v.1.4.0
2025/01/06 (14:22:00) | WARNING: NVML: Failed to get maximum GPU power draw, defaulting to 225W: Not Supported
2025/01/06 (14:22:00) | WARNING: NVML: Failed to get GPU power usage: Not Supported
2025/01/06 (14:22:00) | WARNING: Intel GPU: Failed to initialize PMU

2025/01/06 (14:44:08) | ===> btop++ v.1.4.0
2025/01/06 (14:44:08) | WARNING: NVML: Failed to get maximum GPU power draw, defaulting to 225W: Not Supported
2025/01/06 (14:44:08) | WARNING: NVML: Failed to get GPU power usage: Not Supported
2025/01/06 (14:44:08) | WARNING: Intel GPU: Failed to initialize PMU

2025/01/06 (18:18:22) | ===> btop++ v.1.4.0
2025/01/06 (18:18:22) | WARNING: NVML: Failed to get maximum GPU power draw, defaulting to 225W: Not Supported
2025/01/06 (18:18:22) | WARNING: NVML: Failed to get GPU power usage: Not Supported
2025/01/06 (18:18:22) | WARNING: Intel GPU: Failed to initialize PMU

2025/01/07 (13:53:20) | ===> btop++ v.1.4.0
2025/01/07 (13:53:20) | WARNING: NVML: Failed to get maximum GPU power draw, defaulting to 225W: Not Supported
2025/01/07 (13:53:20) | WARNING: NVML: Failed to get GPU power usage: Not Supported
2025/01/07 (13:53:20) | WARNING: Intel GPU: Failed to initialize PMU

2025/01/08 (15:28:54) | ===> btop++ v.1.4.0
2025/01/08 (15:28:54) | WARNING: NVML: Failed to get maximum GPU power draw, defaulting to 225W: Not Supported
2025/01/08 (15:28:54) | WARNING: NVML: Failed to get GPU power usage: Not Supported
2025/01/08 (15:28:54) | WARNING: Intel GPU: Failed to initialize PMU

2025/01/08 (15:31:14) | ===> btop++ v.1.4.0
2025/01/08 (15:31:14) | WARNING: NVML: Failed to get maximum GPU power draw, defaulting to 225W: Not Supported
2025/01/08 (15:31:14) | WARNING: NVML: Failed to get GPU power usage: Not Supported
2025/01/08 (15:31:14) | WARNING: Intel GPU: Failed to initialize PMU

2025/01/13 (21:34:59) | ===> btop++ v.1.4.0
2025/01/13 (21:34:59) | WARNING: NVML: Failed to get maximum GPU power draw, defaulting to 225W: Not Supported
2025/01/13 (21:34:59) | WARNING: NVML: Failed to get GPU power usage: Not Supported
2025/01/13 (21:34:59) | WARNING: Intel GPU: Failed to initialize PMU

2025/01/13 (21:53:50) | ===> btop++ v.1.4.0
2025/01/13 (21:53:50) | WARNING: NVML: Failed to get maximum GPU power draw, defaulting to 225W: Not Supported
2025/01/13 (21:53:50) | WARNING: NVML: Failed to get GPU power usage: Not Supported
2025/01/13 (21:53:50) | WARNING: Intel GPU: Failed to initialize PMU

2025/01/14 (09:57:26) | ===> btop++ v.1.4.0
2025/01/14 (09:57:26) | WARNING: NVML: Failed to get maximum GPU power draw, defaulting to 225W: Not Supported
2025/01/14 (09:57:26) | WARNING: NVML: Failed to get GPU power usage: Not Supported
2025/01/14 (09:57:26) | WARNING: Intel GPU: Failed to initialize PMU

2025/01/14 (19:21:49) | ===> btop++ v.1.4.0
2025/01/14 (19:21:49) | WARNING: NVML: Failed to get maximum GPU power draw, defaulting to 225W: Not Supported
2025/01/14 (19:21:49) | WARNING: NVML: Failed to get GPU power usage: Not Supported
2025/01/14 (19:21:49) | WARNING: Intel GPU: Failed to initialize PMU

2025/01/15 (20:44:26) | ===> btop++ v.1.4.0
2025/01/15 (20:44:26) | WARNING: NVML: Failed to get maximum GPU power draw, defaulting to 225W: Not Supported
2025/01/15 (20:44:26) | WARNING: NVML: Failed to get GPU power usage: Not Supported
2025/01/15 (20:44:26) | WARNING: Intel GPU: Failed to initialize PMU

2025/01/16 (16:29:09) | ===> btop++ v.1.4.0
2025/01/16 (16:29:09) | WARNING: NVML: Failed to get maximum GPU power draw, defaulting to 225W: Not Supported
2025/01/16 (16:29:09) | WARNING: NVML: Failed to get GPU power usage: Not Supported
2025/01/16 (16:29:09) | WARNING: Intel GPU: Failed to initialize PMU

2025/01/16 (16:29:19) | ===> btop++ v.1.4.0
2025/01/16 (16:29:19) | WARNING: NVML: Failed to get maximum GPU power draw, defaulting to 225W: Not Supported
2025/01/16 (16:29:19) | WARNING: NVML: Failed to get GPU power usage: Not Supported
2025/01/16 (16:29:19) | WARNING: Intel GPU: Failed to initialize PMU

2025/01/18 (03:51:57) | ===> btop++ v.1.4.0
2025/01/18 (03:51:57) | WARNING: NVML: Failed to get maximum GPU power draw, defaulting to 225W: Not Supported
2025/01/18 (03:51:57) | WARNING: NVML: Failed to get GPU power usage: Not Supported
2025/01/18 (03:51:57) | WARNING: Intel GPU: Failed to initialize PMU

2025/01/19 (16:19:33) | ===> btop++ v.1.4.0
2025/01/19 (16:19:33) | WARNING: NVML: Failed to get maximum GPU power draw, defaulting to 225W: Not Supported
2025/01/19 (16:19:33) | WARNING: NVML: Failed to get GPU power usage: Not Supported
2025/01/19 (16:19:33) | WARNING: Intel GPU: Failed to initialize PMU

2025/01/19 (18:13:53) | ===> btop++ v.1.4.0
2025/01/19 (18:13:53) | WARNING: NVML: Failed to get maximum GPU power draw, defaulting to 225W: Not Supported
2025/01/19 (18:13:53) | WARNING: NVML: Failed to get GPU power usage: Not Supported
2025/01/19 (18:13:53) | WARNING: Intel GPU: Failed to initialize PMU

2025/01/20 (13:49:22) | ===> btop++ v.1.4.0
2025/01/20 (13:49:22) | WARNING: NVML: Failed to get maximum GPU power draw, defaulting to 225W: Not Supported
2025/01/20 (13:49:22) | WARNING: NVML: Failed to get GPU power usage: Not Supported
2025/01/20 (13:49:22) | WARNING: Intel GPU: Failed to initialize PMU

2025/01/20 (19:00:25) | ===> btop++ v.1.4.0
2025/01/20 (19:00:25) | WARNING: NVML: Failed to get maximum GPU power draw, defaulting to 225W: Not Supported
2025/01/20 (19:00:25) | WARNING: NVML: Failed to get GPU power usage: Not Supported
2025/01/20 (19:00:25) | WARNING: Intel GPU: Failed to initialize PMU

2025/01/21 (00:12:20) | ===> btop++ v.1.4.0
2025/01/21 (00:12:20) | WARNING: NVML: Failed to get maximum GPU power draw, defaulting to 225W: Not Supported
2025/01/21 (00:12:20) | WARNING: NVML: Failed to get GPU power usage: Not Supported
2025/01/21 (00:12:20) | WARNING: Intel GPU: Failed to initialize PMU

2025/01/23 (08:52:04) | ===> btop++ v.1.4.0
2025/01/23 (08:52:04) | WARNING: NVML: Failed to get maximum GPU power draw, defaulting to 225W: Not Supported
2025/01/23 (08:52:04) | WARNING: NVML: Failed to get GPU power usage: Not Supported
2025/01/23 (08:52:04) | WARNING: Intel GPU: Failed to initialize PMU

2025/01/25 (20:01:22) | ===> btop++ v.1.4.0
2025/01/25 (20:01:22) | WARNING: NVML: Failed to get maximum GPU power draw, defaulting to 225W: Not Supported
2025/01/25 (20:01:22) | WARNING: NVML: Failed to get GPU power usage: Not Supported
2025/01/25 (20:01:22) | WARNING: Intel GPU: Failed to initialize PMU

2025/01/26 (15:00:34) | ===> btop++ v.1.4.0
2025/01/26 (15:00:34) | WARNING: NVML: Failed to get maximum GPU power draw, defaulting to 225W: Not Supported
2025/01/26 (15:00:34) | WARNING: NVML: Failed to get GPU power usage: Not Supported
2025/01/26 (15:00:34) | WARNING: Intel GPU: Failed to initialize PMU

2025/01/26 (21:40:49) | ===> btop++ v.1.4.0
2025/01/26 (21:40:49) | WARNING: NVML: Failed to get maximum GPU power draw, defaulting to 225W: Not Supported
2025/01/26 (21:40:49) | WARNING: NVML: Failed to get GPU power usage: Not Supported
2025/01/26 (21:40:49) | WARNING: Intel GPU: Failed to initialize PMU

2025/01/27 (18:48:23) | ===> btop++ v.1.4.0
2025/01/27 (18:48:23) | WARNING: NVML: Failed to get maximum GPU power draw, defaulting to 225W: Not Supported
2025/01/27 (18:48:23) | WARNING: NVML: Failed to get GPU power usage: Not Supported
2025/01/27 (18:48:23) | WARNING: Intel GPU: Failed to initialize PMU

2025/01/27 (20:40:54) | ===> btop++ v.1.4.0
2025/01/27 (20:40:54) | WARNING: NVML: Failed to get maximum GPU power draw, defaulting to 225W: Not Supported
2025/01/27 (20:40:54) | WARNING: NVML: Failed to get GPU power usage: Not Supported
2025/01/27 (20:40:54) | WARNING: Intel GPU: Failed to initialize PMU

2025/01/28 (15:31:04) | ===> btop++ v.1.4.0
2025/01/28 (15:31:04) | WARNING: NVML: Failed to get maximum GPU power draw, defaulting to 225W: Not Supported
2025/01/28 (15:31:04) | WARNING: NVML: Failed to get GPU power usage: Not Supported
2025/01/28 (15:31:04) | WARNING: Intel GPU: Failed to initialize PMU
2025/01/28 (15:31:10) | ERROR: Couldn't determine terminal size of "STDOUT_FILENO"!
2025/01/28 (15:31:10) | ERROR: Couldn't determine terminal size of "/dev/tty"!

2025/01/28 (17:08:20) | ===> btop++ v.1.4.0
2025/01/28 (17:08:20) | WARNING: NVML: Failed to get maximum GPU power draw, defaulting to 225W: Not Supported
2025/01/28 (17:08:20) | WARNING: NVML: Failed to get GPU power usage: Not Supported
2025/01/28 (17:08:20) | WARNING: Intel GPU: Failed to initialize PMU

2025/01/28 (17:33:39) | ===> btop++ v.1.4.0
2025/01/28 (17:33:39) | WARNING: NVML: Failed to get maximum GPU power draw, defaulting to 225W: Not Supported
2025/01/28 (17:33:39) | WARNING: NVML: Failed to get GPU power usage: Not Supported
2025/01/28 (17:33:39) | WARNING: Intel GPU: Failed to initialize PMU

2025/01/28 (17:44:42) | ===> btop++ v.1.4.0
2025/01/28 (17:44:42) | WARNING: NVML: Failed to get maximum GPU power draw, defaulting to 225W: Not Supported
2025/01/28 (17:44:42) | WARNING: NVML: Failed to get GPU power usage: Not Supported
2025/01/28 (17:44:43) | WARNING: Intel GPU: Failed to initialize PMU

2025/01/28 (18:34:56) | ===> btop++ v.1.4.0
2025/01/28 (18:34:56) | WARNING: NVML: Failed to get maximum GPU power draw, defaulting to 225W: Not Supported
2025/01/28 (18:34:56) | WARNING: NVML: Failed to get GPU power usage: Not Supported
2025/01/28 (18:34:56) | WARNING: Intel GPU: Failed to initialize PMU

2025/01/29 (00:46:03) | ===> btop++ v.1.4.0
2025/01/29 (00:46:03) | WARNING: NVML: Failed to get maximum GPU power draw, defaulting to 225W: Not Supported
2025/01/29 (00:46:03) | WARNING: NVML: Failed to get GPU power usage: Not Supported
2025/01/29 (00:46:03) | WARNING: Intel GPU: Failed to initialize PMU

2025/01/29 (00:47:09) | ===> btop++ v.1.4.0
2025/01/29 (00:47:09) | WARNING: NVML: Failed to get maximum GPU power draw, defaulting to 225W: Not Supported
2025/01/29 (00:47:09) | WARNING: NVML: Failed to get GPU power usage: Not Supported
2025/01/29 (00:47:09) | WARNING: Intel GPU: Failed to initialize PMU

2025/01/29 (00:48:40) | ===> btop++ v.1.4.0
2025/01/29 (00:48:40) | WARNING: NVML: Failed to get maximum GPU power draw, defaulting to 225W: Not Supported
2025/01/29 (00:48:40) | WARNING: NVML: Failed to get GPU power usage: Not Supported
2025/01/29 (00:48:40) | WARNING: Intel GPU: Failed to initialize PMU

2025/01/29 (00:52:16) | ===> btop++ v.1.4.0
2025/01/29 (00:52:16) | WARNING: NVML: Failed to get maximum GPU power draw, defaulting to 225W: Not Supported
2025/01/29 (00:52:16) | WARNING: NVML: Failed to get GPU power usage: Not Supported
2025/01/29 (00:52:16) | WARNING: Intel GPU: Failed to initialize PMU

2025/01/29 (00:53:35) | ===> btop++ v.1.4.0
2025/01/29 (00:53:35) | WARNING: NVML: Failed to get maximum GPU power draw, defaulting to 225W: Not Supported
2025/01/29 (00:53:35) | WARNING: NVML: Failed to get GPU power usage: Not Supported
2025/01/29 (00:53:35) | WARNING: Intel GPU: Failed to initialize PMU

2025/01/29 (01:09:49) | ===> btop++ v.1.4.0
2025/01/29 (01:09:49) | WARNING: NVML: Failed to get maximum GPU power draw, defaulting to 225W: Not Supported
2025/01/29 (01:09:49) | WARNING: NVML: Failed to get GPU power usage: Not Supported
2025/01/29 (01:09:49) | WARNING: Intel GPU: Failed to initialize PMU
2025/01/29 (01:10:33) | INFO: Logger set to INFO

2025/01/29 (01:55:50) | ===> btop++ v.1.4.0
2025/01/29 (01:55:50) | WARNING: NVML: Failed to get maximum GPU power draw, defaulting to 225W: Not Supported
2025/01/29 (01:55:50) | WARNING: NVML: Failed to get GPU power usage: Not Supported
2025/01/29 (01:55:50) | WARNING: Intel GPU: Failed to initialize PMU

2025/01/29 (02:20:05) | ===> btop++ v.1.4.0
2025/01/29 (02:20:05) | WARNING: NVML: Failed to get maximum GPU power draw, defaulting to 225W: Not Supported
2025/01/29 (02:20:05) | WARNING: NVML: Failed to get GPU power usage: Not Supported
2025/01/29 (02:20:05) | WARNING: Intel GPU: Failed to initialize PMU

2025/01/29 (23:05:33) | ===> btop++ v.1.4.0
2025/01/29 (23:05:33) | WARNING: NVML: Failed to get maximum GPU power draw, defaulting to 225W: Not Supported
2025/01/29 (23:05:33) | WARNING: NVML: Failed to get GPU power usage: Not Supported
2025/01/29 (23:05:33) | WARNING: Intel GPU: Failed to initialize PMU

2025/01/30 (14:27:33) | ===> btop++ v.1.4.0
2025/01/30 (14:27:33) | WARNING: NVML: Failed to get maximum GPU power draw, defaulting to 225W: Not Supported
2025/01/30 (14:27:33) | WARNING: NVML: Failed to get GPU power usage: Not Supported
2025/01/30 (14:27:33) | WARNING: Intel GPU: Failed to initialize PMU

2025/01/30 (14:27:38) | ===> btop++ v.1.4.0
2025/01/30 (14:27:38) | WARNING: NVML: Failed to get maximum GPU power draw, defaulting to 225W: Not Supported
2025/01/30 (14:27:38) | WARNING: NVML: Failed to get GPU power usage: Not Supported
2025/01/30 (14:27:38) | WARNING: Intel GPU: Failed to initialize PMU

2025/01/31 (22:45:33) | ===> btop++ v.1.4.0
2025/01/31 (22:45:33) | WARNING: NVML: Failed to get maximum GPU power draw, defaulting to 225W: Not Supported
2025/01/31 (22:45:33) | WARNING: NVML: Failed to get GPU power usage: Not Supported
2025/01/31 (22:45:33) | WARNING: Intel GPU: Failed to initialize PMU

2025/02/02 (00:46:12) | ===> btop++ v.1.4.0
2025/02/02 (00:46:12) | WARNING: NVML: Failed to get maximum GPU power draw, defaulting to 225W: Not Supported
2025/02/02 (00:46:12) | WARNING: NVML: Failed to get GPU power usage: Not Supported
2025/02/02 (00:46:12) | WARNING: Intel GPU: Failed to initialize PMU
2025/02/02 (00:46:22) | ERROR: Couldn't determine terminal size of "STDOUT_FILENO"!
2025/02/02 (00:46:22) | ERROR: Couldn't determine terminal size of "/dev/tty"!

2025/02/02 (12:32:19) | ===> btop++ v.1.4.0
2025/02/02 (12:32:19) | WARNING: NVML: Failed to get maximum GPU power draw, defaulting to 225W: Not Supported
2025/02/02 (12:32:19) | WARNING: NVML: Failed to get GPU power usage: Not Supported
2025/02/02 (12:32:19) | WARNING: Intel GPU: Failed to initialize PMU

2025/02/03 (12:25:54) | ===> btop++ v.1.4.0
2025/02/03 (12:25:54) | WARNING: NVML: Failed to get maximum GPU power draw, defaulting to 225W: Not Supported
2025/02/03 (12:25:54) | WARNING: NVML: Failed to get GPU power usage: Not Supported
2025/02/03 (12:25:54) | WARNING: Intel GPU: Failed to initialize PMU

2025/02/03 (12:26:01) | ===> btop++ v.1.4.0
2025/02/03 (12:26:01) | WARNING: NVML: Failed to get maximum GPU power draw, defaulting to 225W: Not Supported
2025/02/03 (12:26:01) | WARNING: NVML: Failed to get GPU power usage: Not Supported
2025/02/03 (12:26:01) | WARNING: Intel GPU: Failed to initialize PMU

2025/02/03 (15:38:08) | ===> btop++ v.1.4.0
2025/02/03 (15:38:08) | WARNING: NVML: Failed to get maximum GPU power draw, defaulting to 225W: Not Supported
2025/02/03 (15:38:08) | WARNING: NVML: Failed to get GPU power usage: Not Supported
2025/02/03 (15:38:08) | WARNING: Intel GPU: Failed to initialize PMU

2025/02/03 (19:15:17) | ===> btop++ v.1.4.0
2025/02/03 (19:15:17) | WARNING: NVML: Failed to get maximum GPU power draw, defaulting to 225W: Not Supported
2025/02/03 (19:15:17) | WARNING: NVML: Failed to get GPU power usage: Not Supported
2025/02/03 (19:15:17) | WARNING: Intel GPU: Failed to initialize PMU

2025/02/04 (08:48:27) | ===> btop++ v.1.4.0
2025/02/04 (08:48:27) | WARNING: NVML: Failed to get maximum GPU power draw, defaulting to 225W: Not Supported
2025/02/04 (08:48:27) | WARNING: NVML: Failed to get GPU power usage: Not Supported
2025/02/04 (08:48:27) | WARNING: Intel GPU: Failed to initialize PMU

2025/02/05 (15:59:03) | ===> btop++ v.1.4.0
2025/02/05 (15:59:03) | WARNING: NVML: Failed to get maximum GPU power draw, defaulting to 225W: Not Supported
2025/02/05 (15:59:03) | WARNING: NVML: Failed to get GPU power usage: Not Supported
2025/02/05 (15:59:03) | WARNING: Intel GPU: Failed to initialize PMU

2025/02/05 (19:41:42) | ===> btop++ v.1.4.0
2025/02/05 (19:41:42) | WARNING: NVML: Failed to get maximum GPU power draw, defaulting to 225W: Not Supported
2025/02/05 (19:41:42) | WARNING: NVML: Failed to get GPU power usage: Not Supported
2025/02/05 (19:41:42) | WARNING: Intel GPU: Failed to initialize PMU

2025/02/06 (15:11:36) | ===> btop++ v.1.4.0
2025/02/06 (15:11:36) | WARNING: NVML: Failed to get maximum GPU power draw, defaulting to 225W: Not Supported
2025/02/06 (15:11:36) | WARNING: NVML: Failed to get GPU power usage: Not Supported
2025/02/06 (15:11:36) | WARNING: Intel GPU: Failed to initialize PMU

2025/02/06 (17:13:31) | ===> btop++ v.1.4.0
2025/02/06 (17:13:31) | WARNING: NVML: Failed to get maximum GPU power draw, defaulting to 225W: Not Supported
2025/02/06 (17:13:31) | WARNING: NVML: Failed to get GPU power usage: Not Supported
2025/02/06 (17:13:31) | WARNING: Intel GPU: Failed to initialize PMU

2025/02/08 (00:01:44) | ===> btop++ v.1.4.0
2025/02/08 (00:01:44) | WARNING: Intel GPU: Failed to initialize PMU

2025/02/08 (08:44:27) | ===> btop++ v.1.4.0
2025/02/08 (08:44:27) | WARNING: Intel GPU: Failed to initialize PMU

2025/02/09 (18:22:49) | ===> btop++ v.1.4.0
2025/02/09 (18:22:49) | WARNING: Intel GPU: Failed to initialize PMU

2025/02/09 (21:06:33) | ===> btop++ v.1.4.0
2025/02/09 (21:06:33) | WARNING: Intel GPU: Failed to initialize PMU

2025/02/10 (12:38:37) | ===> btop++ v.1.4.0
2025/02/10 (12:38:37) | WARNING: Intel GPU: Failed to initialize PMU

2025/02/12 (17:50:33) | ===> btop++ v.1.4.0
2025/02/12 (17:50:33) | WARNING: Intel GPU: Failed to initialize PMU

2025/02/12 (18:53:44) | ===> btop++ v.1.4.0
2025/02/12 (18:53:44) | WARNING: Intel GPU: Failed to initialize PMU

2025/02/14 (10:34:00) | ===> btop++ v.1.4.0
2025/02/14 (10:34:00) | WARNING: NVML: Failed to get maximum GPU power draw, defaulting to 225W: Not Supported
2025/02/14 (10:34:00) | WARNING: NVML: Failed to get GPU power usage: Not Supported
2025/02/14 (10:34:00) | WARNING: Intel GPU: Failed to initialize PMU

2025/02/18 (11:31:42) | ===> btop++ v.1.4.0
2025/02/18 (11:31:42) | WARNING: NVML: Failed to get maximum GPU power draw, defaulting to 225W: Not Supported
2025/02/18 (11:31:42) | WARNING: NVML: Failed to get GPU power usage: Not Supported
2025/02/18 (11:31:42) | WARNING: Intel GPU: Failed to initialize PMU

2025/02/24 (06:40:44) | ===> btop++ v.1.4.0
2025/02/24 (06:40:44) | WARNING: NVML: Failed to get maximum GPU power draw, defaulting to 225W: Not Supported
2025/02/24 (06:40:44) | WARNING: NVML: Failed to get GPU power usage: Not Supported
2025/02/24 (06:40:44) | WARNING: Intel GPU: Failed to initialize PMU

2025/02/24 (09:31:05) | ===> btop++ v.1.4.0
2025/02/24 (09:31:05) | WARNING: NVML: Failed to get maximum GPU power draw, defaulting to 225W: Not Supported
2025/02/24 (09:31:05) | WARNING: NVML: Failed to get GPU power usage: Not Supported
2025/02/24 (09:31:05) | WARNING: Intel GPU: Failed to initialize PMU

2025/02/24 (12:12:51) | ===> btop++ v.1.4.0
2025/02/24 (12:12:51) | WARNING: NVML: Failed to get maximum GPU power draw, defaulting to 225W: Not Supported
2025/02/24 (12:12:51) | WARNING: NVML: Failed to get GPU power usage: Not Supported
2025/02/24 (12:12:51) | WARNING: Intel GPU: Failed to initialize PMU

2025/02/28 (09:30:03) | ===> btop++ v.1.4.0
2025/02/28 (09:30:03) | WARNING: NVML: Failed to get maximum GPU power draw, defaulting to 225W: Not Supported
2025/02/28 (09:30:03) | WARNING: NVML: Failed to get GPU power usage: Not Supported
2025/02/28 (09:30:03) | WARNING: Intel GPU: Failed to initialize PMU

2025/02/28 (10:50:34) | ===> btop++ v.1.4.0
2025/02/28 (10:50:34) | WARNING: NVML: Failed to get maximum GPU power draw, defaulting to 225W: Not Supported
2025/02/28 (10:50:34) | WARNING: NVML: Failed to get GPU power usage: Not Supported
2025/02/28 (10:50:34) | WARNING: Intel GPU: Failed to initialize PMU

2025/03/01 (08:59:24) | ===> btop++ v.1.4.0
2025/03/01 (08:59:24) | WARNING: NVML: Failed to get maximum GPU power draw, defaulting to 225W: Not Supported
2025/03/01 (08:59:24) | WARNING: NVML: Failed to get GPU power usage: Not Supported
2025/03/01 (08:59:24) | WARNING: Intel GPU: Failed to initialize PMU

2025/03/01 (23:26:06) | ===> btop++ v.1.4.0
2025/03/01 (23:26:06) | WARNING: NVML: Failed to get maximum GPU power draw, defaulting to 225W: Not Supported
2025/03/01 (23:26:06) | WARNING: NVML: Failed to get GPU power usage: Not Supported
2025/03/01 (23:26:06) | WARNING: Intel GPU: Failed to initialize PMU

2025/03/02 (13:08:27) | ===> btop++ v.1.4.0
2025/03/02 (13:08:27) | WARNING: NVML: Failed to get maximum GPU power draw, defaulting to 225W: Not Supported
2025/03/02 (13:08:27) | WARNING: NVML: Failed to get GPU power usage: Not Supported
2025/03/02 (13:08:27) | WARNING: Intel GPU: Failed to initialize PMU

2025/03/02 (21:59:15) | ===> btop++ v.1.4.0
2025/03/02 (21:59:15) | WARNING: NVML: Failed to get maximum GPU power draw, defaulting to 225W: Not Supported
2025/03/02 (21:59:15) | WARNING: NVML: Failed to get GPU power usage: Not Supported
2025/03/02 (21:59:15) | WARNING: Intel GPU: Failed to initialize PMU

2025/03/06 (15:24:10) | ===> btop++ v.1.4.0
2025/03/06 (15:24:10) | WARNING: NVML: Failed to get maximum GPU power draw, defaulting to 225W: Not Supported
2025/03/06 (15:24:10) | WARNING: NVML: Failed to get GPU power usage: Not Supported
2025/03/06 (15:24:10) | WARNING: Intel GPU: Failed to initialize PMU

2025/03/07 (15:55:17) | ===> btop++ v.1.4.0
2025/03/07 (15:55:17) | WARNING: NVML: Failed to get maximum GPU power draw, defaulting to 225W: Not Supported
2025/03/07 (15:55:17) | WARNING: NVML: Failed to get GPU power usage: Not Supported
2025/03/07 (15:55:17) | WARNING: Intel GPU: Failed to initialize PMU

2025/03/08 (20:13:46) | ===> btop++ v.1.4.0
2025/03/08 (20:13:46) | WARNING: NVML: Failed to get maximum GPU power draw, defaulting to 225W: Not Supported
2025/03/08 (20:13:46) | WARNING: NVML: Failed to get GPU power usage: Not Supported
2025/03/08 (20:13:46) | WARNING: Intel GPU: Failed to initialize PMU

2025/03/09 (14:50:11) | ===> btop++ v.1.4.0
2025/03/09 (14:50:11) | WARNING: NVML: Failed to get maximum GPU power draw, defaulting to 225W: Not Supported
2025/03/09 (14:50:11) | WARNING: NVML: Failed to get GPU power usage: Not Supported
2025/03/09 (14:50:11) | WARNING: Intel GPU: Failed to initialize PMU

2025/03/09 (16:04:15) | ===> btop++ v.1.4.0
2025/03/09 (16:04:15) | WARNING: NVML: Failed to get maximum GPU power draw, defaulting to 225W: Not Supported
2025/03/09 (16:04:15) | WARNING: NVML: Failed to get GPU power usage: Not Supported
2025/03/09 (16:04:15) | WARNING: Intel GPU: Failed to initialize PMU

2025/03/09 (17:17:48) | ===> btop++ v.1.4.0
2025/03/09 (17:17:48) | WARNING: NVML: Failed to get maximum GPU power draw, defaulting to 225W: Not Supported
2025/03/09 (17:17:48) | WARNING: NVML: Failed to get GPU power usage: Not Supported
2025/03/09 (17:17:48) | WARNING: Intel GPU: Failed to initialize PMU

2025/03/12 (21:36:08) | ===> btop++ v.1.4.0
2025/03/12 (21:36:08) | WARNING: NVML: Failed to get maximum GPU power draw, defaulting to 225W: Not Supported
2025/03/12 (21:36:08) | WARNING: NVML: Failed to get GPU power usage: Not Supported
2025/03/12 (21:36:08) | WARNING: Intel GPU: Failed to initialize PMU

2025/03/12 (22:33:14) | ===> btop++ v.1.4.0
2025/03/12 (22:33:14) | WARNING: NVML: Failed to get maximum GPU power draw, defaulting to 225W: Not Supported
2025/03/12 (22:33:14) | WARNING: NVML: Failed to get GPU power usage: Not Supported
2025/03/12 (22:33:14) | WARNING: Intel GPU: Failed to initialize PMU

2025/03/12 (22:33:19) | ===> btop++ v.1.4.0
2025/03/12 (22:33:19) | WARNING: NVML: Failed to get maximum GPU power draw, defaulting to 225W: Not Supported
2025/03/12 (22:33:19) | WARNING: NVML: Failed to get GPU power usage: Not Supported
2025/03/12 (22:33:19) | WARNING: Intel GPU: Failed to initialize PMU

2025/03/13 (11:22:48) | ===> btop++ v.1.4.0
2025/03/13 (11:22:48) | WARNING: NVML: Failed to get maximum GPU power draw, defaulting to 225W: Not Supported
2025/03/13 (11:22:48) | WARNING: NVML: Failed to get GPU power usage: Not Supported
2025/03/13 (11:22:48) | WARNING: Intel GPU: Failed to initialize PMU
2025/03/13 (11:22:56) | ERROR: Couldn't determine terminal size of "STDOUT_FILENO"!
2025/03/13 (11:22:56) | ERROR: Couldn't determine terminal size of "/dev/tty"!

2025/03/13 (11:43:35) | ===> btop++ v.1.4.0
2025/03/13 (11:43:35) | WARNING: NVML: Failed to get maximum GPU power draw, defaulting to 225W: Not Supported
2025/03/13 (11:43:35) | WARNING: NVML: Failed to get GPU power usage: Not Supported
2025/03/13 (11:43:35) | WARNING: Intel GPU: Failed to initialize PMU

2025/03/15 (14:38:28) | ===> btop++ v.1.4.0
2025/03/15 (14:38:28) | WARNING: NVML: Failed to get maximum GPU power draw, defaulting to 225W: Not Supported
2025/03/15 (14:38:28) | WARNING: NVML: Failed to get GPU power usage: Not Supported
2025/03/15 (14:38:28) | WARNING: Intel GPU: Failed to initialize PMU

2025/03/16 (05:14:44) | ===> btop++ v.1.4.0
2025/03/16 (05:14:44) | WARNING: NVML: Failed to get maximum GPU power draw, defaulting to 225W: Not Supported
2025/03/16 (05:14:44) | WARNING: NVML: Failed to get GPU power usage: Not Supported
2025/03/16 (05:14:44) | WARNING: Intel GPU: Failed to initialize PMU

2025/03/16 (05:15:54) | ===> btop++ v.1.4.0
2025/03/16 (05:15:54) | WARNING: NVML: Failed to get maximum GPU power draw, defaulting to 225W: Not Supported
2025/03/16 (05:15:54) | WARNING: NVML: Failed to get GPU power usage: Not Supported
2025/03/16 (05:15:54) | WARNING: Intel GPU: Failed to initialize PMU

2025/03/17 (14:43:13) | ===> btop++ v.1.4.0
2025/03/17 (14:43:13) | WARNING: NVML: Failed to get maximum GPU power draw, defaulting to 225W: Not Supported
2025/03/17 (14:43:13) | WARNING: NVML: Failed to get GPU power usage: Not Supported
2025/03/17 (14:43:13) | WARNING: Intel GPU: Failed to initialize PMU

2025/03/17 (22:02:37) | ===> btop++ v.1.4.0
2025/03/17 (22:02:37) | WARNING: NVML: Failed to get maximum GPU power draw, defaulting to 225W: Not Supported
2025/03/17 (22:02:37) | WARNING: NVML: Failed to get GPU power usage: Not Supported
2025/03/17 (22:02:37) | WARNING: Intel GPU: Failed to initialize PMU

2025/03/18 (14:52:42) | ===> btop++ v.1.4.0
2025/03/18 (14:52:42) | WARNING: NVML: Failed to get maximum GPU power draw, defaulting to 225W: Not Supported
2025/03/18 (14:52:42) | WARNING: NVML: Failed to get GPU power usage: Not Supported
2025/03/18 (14:52:42) | WARNING: Intel GPU: Failed to initialize PMU

2025/03/19 (17:12:22) | ===> btop++ v.1.4.0
2025/03/19 (17:12:22) | WARNING: NVML: Failed to get maximum GPU power draw, defaulting to 225W: Not Supported
2025/03/19 (17:12:22) | WARNING: NVML: Failed to get GPU power usage: Not Supported
2025/03/19 (17:12:22) | WARNING: Intel GPU: Failed to initialize PMU

2025/03/19 (19:44:11) | ===> btop++ v.1.4.0
2025/03/19 (19:44:11) | WARNING: NVML: Failed to get maximum GPU power draw, defaulting to 225W: Not Supported
2025/03/19 (19:44:11) | WARNING: NVML: Failed to get GPU power usage: Not Supported
2025/03/19 (19:44:11) | WARNING: Intel GPU: Failed to initialize PMU

2025/03/19 (19:44:46) | ===> btop++ v.1.4.0
2025/03/19 (19:44:46) | WARNING: NVML: Failed to get maximum GPU power draw, defaulting to 225W: Not Supported
2025/03/19 (19:44:46) | WARNING: NVML: Failed to get GPU power usage: Not Supported
2025/03/19 (19:44:46) | WARNING: Intel GPU: Failed to initialize PMU

2025/03/20 (14:56:09) | ===> btop++ v.1.4.0
2025/03/20 (14:56:09) | WARNING: NVML: Failed to get maximum GPU power draw, defaulting to 225W: Not Supported
2025/03/20 (14:56:09) | WARNING: NVML: Failed to get GPU power usage: Not Supported
2025/03/20 (14:56:09) | WARNING: Intel GPU: Failed to initialize PMU

2025/03/20 (15:54:05) | ===> btop++ v.1.4.0
2025/03/20 (15:54:05) | WARNING: NVML: Failed to get maximum GPU power draw, defaulting to 225W: Not Supported
2025/03/20 (15:54:05) | WARNING: NVML: Failed to get GPU power usage: Not Supported
2025/03/20 (15:54:05) | WARNING: Intel GPU: Failed to initialize PMU

2025/03/21 (11:07:20) | ===> btop++ v.1.4.0
2025/03/21 (11:07:20) | WARNING: NVML: Failed to get maximum GPU power draw, defaulting to 225W: Not Supported
2025/03/21 (11:07:20) | WARNING: NVML: Failed to get GPU power usage: Not Supported
2025/03/21 (11:07:20) | WARNING: Intel GPU: Failed to initialize PMU

2025/03/21 (13:04:46) | ===> btop++ v.1.4.0
2025/03/21 (13:04:46) | WARNING: NVML: Failed to get maximum GPU power draw, defaulting to 225W: Not Supported
2025/03/21 (13:04:46) | WARNING: NVML: Failed to get GPU power usage: Not Supported
2025/03/21 (13:04:46) | WARNING: Intel GPU: Failed to initialize PMU

2025/03/21 (21:58:27) | ===> btop++ v.1.4.0
2025/03/21 (21:58:27) | WARNING: NVML: Failed to get maximum GPU power draw, defaulting to 225W: Not Supported
2025/03/21 (21:58:27) | WARNING: NVML: Failed to get GPU power usage: Not Supported
2025/03/21 (21:58:27) | WARNING: Intel GPU: Failed to initialize PMU

2025/03/21 (21:58:33) | ===> btop++ v.1.4.0
2025/03/21 (21:58:33) | WARNING: NVML: Failed to get maximum GPU power draw, defaulting to 225W: Not Supported
2025/03/21 (21:58:33) | WARNING: NVML: Failed to get GPU power usage: Not Supported
2025/03/21 (21:58:33) | WARNING: Intel GPU: Failed to initialize PMU

2025/03/21 (22:51:37) | ===> btop++ v.1.4.0
2025/03/21 (22:51:37) | WARNING: NVML: Failed to get maximum GPU power draw, defaulting to 225W: Not Supported
2025/03/21 (22:51:37) | WARNING: NVML: Failed to get GPU power usage: Not Supported
2025/03/21 (22:51:38) | WARNING: Intel GPU: Failed to initialize PMU

2025/03/21 (23:22:01) | ===> btop++ v.1.4.0
2025/03/21 (23:22:01) | WARNING: NVML: Failed to get maximum GPU power draw, defaulting to 225W: Not Supported
2025/03/21 (23:22:01) | WARNING: NVML: Failed to get GPU power usage: Not Supported
2025/03/21 (23:22:01) | WARNING: Intel GPU: Failed to initialize PMU

2025/03/22 (02:52:01) | ===> btop++ v.1.4.0
2025/03/22 (02:52:01) | WARNING: NVML: Failed to get maximum GPU power draw, defaulting to 225W: Not Supported
2025/03/22 (02:52:01) | WARNING: NVML: Failed to get GPU power usage: Not Supported
2025/03/22 (02:52:01) | WARNING: Intel GPU: Failed to initialize PMU

2025/03/22 (21:57:16) | ===> btop++ v.1.4.0
2025/03/22 (21:57:16) | WARNING: Intel GPU: Failed to initialize PMU

2025/03/22 (22:27:26) | ===> btop++ v.1.4.0
2025/03/22 (22:27:26) | WARNING: Intel GPU: Failed to initialize PMU

2025/03/23 (02:13:40) | ===> btop++ v.1.4.0
2025/03/23 (02:13:40) | WARNING: Intel GPU: Failed to initialize PMU

2025/03/23 (19:09:58) | ===> btop++ v.1.4.0
2025/03/23 (19:09:58) | WARNING: Intel GPU: Failed to initialize PMU

2025/03/23 (21:25:43) | ===> btop++ v.1.4.0
2025/03/23 (21:25:43) | WARNING: Intel GPU: Failed to initialize PMU

2025/03/23 (21:34:34) | ===> btop++ v.1.4.0
2025/03/23 (21:34:34) | WARNING: Intel GPU: Failed to initialize PMU

2025/03/23 (22:25:54) | ===> btop++ v.1.4.0
2025/03/23 (22:25:54) | WARNING: Intel GPU: Failed to initialize PMU

2025/03/23 (23:04:40) | ===> btop++ v.1.4.0
2025/03/23 (23:04:40) | WARNING: Intel GPU: Failed to initialize PMU

2025/03/24 (22:36:14) | ===> btop++ v.1.4.0
2025/03/24 (22:36:14) | WARNING: NVML: Failed to get maximum GPU power draw, defaulting to 225W: Not Supported
2025/03/24 (22:36:14) | WARNING: NVML: Failed to get GPU power usage: Not Supported
2025/03/24 (22:36:14) | WARNING: Intel GPU: Failed to initialize PMU

2025/03/27 (11:18:57) | ===> btop++ v.1.4.0
2025/03/27 (11:18:57) | WARNING: NVML: Failed to get maximum GPU power draw, defaulting to 225W: Not Supported
2025/03/27 (11:18:57) | WARNING: NVML: Failed to get GPU power usage: Not Supported
2025/03/27 (11:18:57) | WARNING: Intel GPU: Failed to initialize PMU

2025/03/27 (11:21:45) | ===> btop++ v.1.4.0
2025/03/27 (11:21:45) | WARNING: NVML: Failed to get maximum GPU power draw, defaulting to 225W: Not Supported
2025/03/27 (11:21:45) | WARNING: NVML: Failed to get GPU power usage: Not Supported
2025/03/27 (11:21:45) | WARNING: Intel GPU: Failed to initialize PMU

2025/03/27 (11:22:55) | ===> btop++ v.1.4.0
2025/03/27 (11:22:55) | WARNING: NVML: Failed to get maximum GPU power draw, defaulting to 225W: Not Supported
2025/03/27 (11:22:55) | WARNING: NVML: Failed to get GPU power usage: Not Supported
2025/03/27 (11:22:56) | WARNING: Intel GPU: Failed to initialize PMU

2025/03/27 (11:28:07) | ===> btop++ v.1.4.0
2025/03/27 (11:28:07) | WARNING: NVML: Failed to get maximum GPU power draw, defaulting to 225W: Not Supported
2025/03/27 (11:28:07) | WARNING: NVML: Failed to get GPU power usage: Not Supported
2025/03/27 (11:28:07) | WARNING: Intel GPU: Failed to initialize PMU

2025/03/27 (11:35:18) | ===> btop++ v.1.4.0
2025/03/27 (11:35:18) | WARNING: NVML: Failed to get maximum GPU power draw, defaulting to 225W: Not Supported
2025/03/27 (11:35:18) | WARNING: NVML: Failed to get GPU power usage: Not Supported
2025/03/27 (11:35:18) | WARNING: Intel GPU: Failed to initialize PMU

2025/03/27 (18:12:28) | ===> btop++ v.1.4.0
2025/03/27 (18:12:28) | WARNING: NVML: Failed to get maximum GPU power draw, defaulting to 225W: Not Supported
2025/03/27 (18:12:28) | WARNING: NVML: Failed to get GPU power usage: Not Supported
2025/03/27 (18:12:28) | WARNING: Intel GPU: Failed to initialize PMU
2025/03/27 (18:12:33) | ERROR: Couldn't determine terminal size of "STDOUT_FILENO"!
2025/03/27 (18:12:33) | ERROR: Couldn't determine terminal size of "/dev/tty"!

2025/03/27 (18:27:13) | ===> btop++ v.1.4.0
2025/03/27 (18:27:13) | WARNING: NVML: Failed to get maximum GPU power draw, defaulting to 225W: Not Supported
2025/03/27 (18:27:13) | WARNING: NVML: Failed to get GPU power usage: Not Supported
2025/03/27 (18:27:13) | WARNING: Intel GPU: Failed to initialize PMU

2025/03/27 (18:28:16) | ===> btop++ v.1.4.0
2025/03/27 (18:28:16) | WARNING: NVML: Failed to get maximum GPU power draw, defaulting to 225W: Not Supported
2025/03/27 (18:28:16) | WARNING: NVML: Failed to get GPU power usage: Not Supported
2025/03/27 (18:28:16) | WARNING: Intel GPU: Failed to initialize PMU
2025/03/27 (18:28:27) | ERROR: Couldn't determine terminal size of "STDOUT_FILENO"!
2025/03/27 (18:28:27) | ERROR: Couldn't determine terminal size of "/dev/tty"!

2025/03/27 (18:43:56) | ===> btop++ v.1.4.0
2025/03/27 (18:43:56) | WARNING: NVML: Failed to get maximum GPU power draw, defaulting to 225W: Not Supported
2025/03/27 (18:43:56) | WARNING: NVML: Failed to get GPU power usage: Not Supported
2025/03/27 (18:43:56) | WARNING: Intel GPU: Failed to initialize PMU

2025/03/28 (20:56:35) | ===> btop++ v.1.4.0
2025/03/28 (20:56:35) | WARNING: NVML: Failed to get maximum GPU power draw, defaulting to 225W: Not Supported
2025/03/28 (20:56:35) | WARNING: NVML: Failed to get GPU power usage: Not Supported
2025/03/28 (20:56:35) | WARNING: Intel GPU: Failed to initialize PMU

2025/03/30 (14:40:10) | ===> btop++ v.1.4.0
2025/03/30 (14:40:10) | WARNING: NVML: Failed to get maximum GPU power draw, defaulting to 225W: Not Supported
2025/03/30 (14:40:10) | WARNING: NVML: Failed to get GPU power usage: Not Supported
2025/03/30 (14:40:10) | WARNING: Intel GPU: Failed to initialize PMU

2025/03/30 (14:42:56) | ===> btop++ v.1.4.0
2025/03/30 (14:42:56) | WARNING: NVML: Failed to get maximum GPU power draw, defaulting to 225W: Not Supported
2025/03/30 (14:42:56) | WARNING: NVML: Failed to get GPU power usage: Not Supported
2025/03/30 (14:42:56) | WARNING: Intel GPU: Failed to initialize PMU
